<?xml version="1.0" encoding="UTF-8"?>
<testsuite xmlns:xsi="http://www.w3.org/2001/XMLSchema-instance" xsi:noNamespaceSchemaLocation="https://maven.apache.org/surefire/maven-surefire-plugin/xsd/surefire-test-report-3.0.xsd" version="3.0" name="com.equipo.saludo.AppTest" time="0.027" tests="2" errors="0" skipped="0" failures="0">
  <properties>
    <property name="java.specification.version" value="24"/>
    <property name="sun.cpu.isalist" value="amd64"/>
    <property name="sun.jnu.encoding" value="Cp1252"/>
    <property name="java.class.path" value="C:\Users\gabc_\OneDrive\Documentos\maven\saludoapp\target\test-classes;C:\Users\gabc_\OneDrive\Documentos\maven\saludoapp\target\classes;C:\Users\gabc_\.m2\repository\junit\junit\3.8.1\junit-3.8.1.jar;"/>
    <property name="java.vm.vendor" value="Oracle Corporation"/>
    <property name="sun.arch.data.model" value="64"/>
    <property name="user.variant" value=""/>
    <property name="java.vendor.url" value="https://java.oracle.com/"/>
    <property name="user.timezone" value="America/Santiago"/>
    <property name="os.name" value="Windows 11"/>
    <property name="java.vm.specification.version" value="24"/>
    <property name="sun.java.launcher" value="SUN_STANDARD"/>
    <property name="user.country" value="CL"/>
    <property name="sun.boot.library.path" value="C:\Program Files\Java\jdk-24\bin"/>
    <property name="sun.java.command" value="C:\Users\gabc_\AppData\Local\Temp\surefire8251037410175990291\surefirebooter-20250612215900598_3.jar C:\Users\gabc_\AppData\Local\Temp\surefire8251037410175990291 2025-06-12T21-59-00_452-jvmRun1 surefire-20250612215900598_1tmp surefire_0-20250612215900598_2tmp"/>
    <property name="jdk.debug" value="release"/>
    <property name="surefire.test.class.path" value="C:\Users\gabc_\OneDrive\Documentos\maven\saludoapp\target\test-classes;C:\Users\gabc_\OneDrive\Documentos\maven\saludoapp\target\classes;C:\Users\gabc_\.m2\repository\junit\junit\3.8.1\junit-3.8.1.jar;"/>
    <property name="sun.cpu.endian" value="little"/>
    <property name="user.home" value="C:\Users\gabc_"/>
    <property name="user.language" value="es"/>
    <property name="java.specification.vendor" value="Oracle Corporation"/>
    <property name="java.version.date" value="2025-04-15"/>
    <property name="java.home" value="C:\Program Files\Java\jdk-24"/>
    <property name="file.separator" value="\"/>
    <property name="basedir" value="C:\Users\gabc_\OneDrive\Documentos\maven\saludoapp"/>
    <property name="java.vm.compressedOopsMode" value="Zero based"/>
    <property name="line.separator" value="&#10;"/>
    <property name="java.vm.specification.vendor" value="Oracle Corporation"/>
    <property name="java.specification.name" value="Java Platform API Specification"/>
    <property name="surefire.real.class.path" value="C:\Users\gabc_\AppData\Local\Temp\surefire8251037410175990291\surefirebooter-20250612215900598_3.jar"/>
    <property name="user.script" value=""/>
    <property name="sun.management.compiler" value="HotSpot 64-Bit Tiered Compilers"/>
    <property name="java.runtime.version" value="24.0.1+9-30"/>
    <property name="user.name" value="gabc_"/>
    <property name="stdout.encoding" value="Cp1252"/>
    <property name="path.separator" value=";"/>
    <property name="os.version" value="10.0"/>
    <property name="java.runtime.name" value="Java(TM) SE Runtime Environment"/>
    <property name="file.encoding" value="UTF-8"/>
    <property name="java.vm.name" value="Java HotSpot(TM) 64-Bit Server VM"/>
    <property name="localRepository" value="C:\Users\gabc_\.m2\repository"/>
    <property name="java.vendor.url.bug" value="https://bugreport.java.com/bugreport/"/>
    <property name="java.io.tmpdir" value="C:\Users\gabc_\AppData\Local\Temp\"/>
    <property name="java.version" value="24.0.1"/>
    <property name="user.dir" value="C:\Users\gabc_\OneDrive\Documentos\maven\saludoapp"/>
    <property name="os.arch" value="amd64"/>
    <property name="java.vm.specification.name" value="Java Virtual Machine Specification"/>
    <property name="sun.os.patch.level" value=""/>
    <property name="native.encoding" value="Cp1252"/>
    <property name="java.library.path" value="C:\Program Files\Java\jdk-24\bin;C:\WINDOWS\Sun\Java\bin;C:\WINDOWS\system32;C:\WINDOWS;C:\Users\gabc_\bin;C:\Program Files\Git\mingw64\bin;C:\Program Files\Git\usr\local\bin;C:\Program Files\Git\usr\bin;C:\Program Files\Git\usr\bin;C:\Program Files\Git\mingw64\bin;C:\Program Files\Git\usr\bin;C:\Users\gabc_\bin;C:\Program Files\Common Files\Oracle\Java\javapath;C:\Program Files (x86)\oh-my-posh\bin;C:\Users\gabc_\AppData\Local\Programs\cursor\resources\app\bin;C:\Python313\Scripts;C:\Python313;C:\Windows\system32;C:\Windows;C:\Windows\System32\Wbem;C:\Windows\System32\WindowsPowerShell\v1.0;C:\Windows\System32\OpenSSH;C:\Program Files (x86)\NVIDIA Corporation\PhysX\Common;C:\Program Files\NVIDIA Corporation\NVIDIA NvDLISR;C:\Program Files\dotnet;C:\ProgramData\chocolatey\bin;C:\Program Files\Microsoft SQL Server\150\Tools\Binn;C:\Program Files\Microsoft SQL Server\Client SDK\ODBC\170\Tools\Binn;C:\Users\gabc_\.console-ninja\.bin;C:\Users\gabc_\AppData\Local\pnpm;C:\Users\gabc_\AppData\Local\Programs\oh-my-posh\bin;C:\Users\gabc_\AppData\Local\Microsoft\WindowsApps;C:\Users\gabc_\AppData\Roaming\npm;C:\Users\gabc_\.dotnet\tools;C:\Users\gabc_\.bun\bin;C:\WINDOWS\system32;C:\WINDOWS;C:\WINDOWS\System32\Wbem;C:\WINDOWS\System32\WindowsPowerShell\v1.0;C:\WINDOWS\System32\OpenSSH;C:\Program Files\Git\cmd;C:\Program Files\nodejs;C:\Program Files\Neovim\bin;C:\Program Files\Docker\Docker\resources\bin;C:\Users\gabc_\scoop\apps\maven\current\bin;C:\Users\gabc_\scoop\shims;C:\Users\gabc_\.console-ninja\.bin;C:\Users\gabc_\AppData\Local\pnpm;C:\Users\gabc_\AppData\Local\Microsoft\WindowsApps;C:\Users\gabc_\AppData\Local\Programs\Microsoft VS Code\bin;C:\Users\gabc_\.dotnet\tools;C:\Users\gabc_\.bun\bin;C:\Users\gabc_\AppData\Local\Microsoft\WindowsApps;C:\Users\gabc_\AppData\Local\Programs\Microsoft VS Code Insiders\bin;C:\Users\gabc_\AppData\Roaming\npm;C:\Users\gabc_\AppData\Local\Microsoft\WinGet\Packages\Schniz.fnm_Microsoft.Winget.Source_8wekyb3d8bbwe;C:\Users\gabc_\AppData\Local\Programs\cursor\resources\app\bin;C:\Users\gabc_\AppData\Local\Microsoft\WinGet\Packages\zig.zig_Microsoft.Winget.Source_8wekyb3d8bbwe\zig-x86_64-windows-0.14.1;C:\Users\gabc_\AppData\Local\Microsoft\WinGet\Packages\sharkdp.fd_Microsoft.Winget.Source_8wekyb3d8bbwe\fd-v10.2.0-x86_64-pc-windows-msvc;C:\Program Files\Git\usr\bin\vendor_perl;C:\Program Files\Git\usr\bin\core_perl;."/>
    <property name="java.vm.info" value="mixed mode, sharing"/>
    <property name="stderr.encoding" value="Cp1252"/>
    <property name="java.vendor" value="Oracle Corporation"/>
    <property name="java.vm.version" value="24.0.1+9-30"/>
    <property name="sun.io.unicode.encoding" value="UnicodeLittle"/>
    <property name="java.class.version" value="68.0"/>
  </properties>
  <testcase name="testSaludo" classname="com.equipo.saludo.AppTest" time="0.003"/>
  <testcase name="testApp" classname="com.equipo.saludo.AppTest" time="0.0"/>
</testsuite>